<?xml version="1.0" encoding="UTF-8"?>
<!-- Generated by org.testng.reporters.JUnitXMLReporter -->
<testsuite hostname="DESKTOP-2RLMOET" name="Test" tests="4" failures="0" timestamp="8 Nov 2021 05:39:05 GMT" time="169.143" errors="0">
  <testcase name="createContact" time="26.418" classname="com.crm.comcast.organisationcontacttest.CreateContactTest"/>
  <testcase name="CreateOrganizationWithIndustryAndTypeTC2" time="19.553" classname="com.crm.comcast.organisationcontacttest.CreateOrganisationWithIndustryAndType"/>
  <testcase name="CreateOrganisation" time="18.551" classname="com.crm.comcast.organisationcontacttest.CreateOrganisationTest"/>
  <testcase name="CreateOrgWithContact" time="37.355" classname="com.crm.comcast.organisationcontacttest.CreateOrganisationWithContact"/>
</testsuite> <!-- Test -->
